
Hello blasters log!
Hello blasters log!
ERROR: could not send packet to server!
Hello blasters log!
ERROR: could not receive packet from server!
Hello blasters log!
ERROR: could not receive packet from server!
Hello blasters log!
Blasters sending packet
Blasters waiting for packet...
ERROR: could not receive packet from server!
Hello blasters log!
Blasters sending packet
Blasters waiting for packet...
ERROR: could not receive packet from server!
Hello blasters log!
Blasters sending packet
Blasters waiting for packet...
Hello blasters log!
Blasters sending packet
Blasters waiting for packet...
Hello blasters log!
Blasters sending packet
Blasters waiting for packet...
Hello blasters log!
Blasters sending packet
Blasters waiting for packet...
Hello blasters log!
Blasters sending packet
encoded packet of size: 16
Blasters waiting for packet...
decoded packet of size: 16
